<?xml version="1.0" encoding="UTF-8"?>
<!-- Generated by org.testng.reporters.JUnitXMLReporter -->
<testsuite ignored="0" hostname="ZCHD-CQR-SHIVAM-PANDOH" failures="0" tests="2" name="Default test" time="22.194" errors="0" timestamp="2022-06-01T16:55:47 IST">
  <testcase classname="WebAutomation.automation.Projects" name="test1createProject" time="5.566"/>
  <testcase classname="WebAutomation.automation.Projects" name="test2allocateProjectToCompany" time="6.415"/>
</testsuite> <!-- Default test -->
