<?xml version="1.0" encoding="UTF-8"?>
<!-- Generated by org.testng.reporters.JUnitXMLReporter -->
<testsuite ignored="0" hostname="ZCHD-CQR-PRATEEK-WADHWANI" failures="0" tests="9" name="Default test" time="32.271" errors="0" timestamp="2022-06-03T19:57:28 IST">
  <testcase classname="TestCases.CompanyTest" name="testCCompanyPageIsOpened" time="2.657"/>
  <testcase classname="TestCases.CompanyTest" name="testCCompanyDetailsPageIsOpened" time="3.986"/>
  <testcase classname="TestCases.CompanyTest" name="testCCompanyAddCompanyIsOpened" time="2.579"/>
  <testcase classname="TestCases.CompanyTest" name="testVCompanyIsOpened" time="3.669"/>
  <testcase classname="TestCases.CompanyTest" name="testToolsAllocatedIsOpened" time="1.622"/>
  <testcase classname="TestCases.CompanyTest" name="testToolsAllocatedToCompanyIsOpened" time="2.411"/>
  <testcase classname="TestCases.CompanyTest" name="testAddVCompanyIsOpened" time="1.63"/>
  <testcase classname="TestCases.CompanyTest" name="testShiftIsOpened" time="3.631"/>
  <testcase classname="TestCases.CompanyTest" name="testAddShiftIsOpened" time="1.554"/>
</testsuite> <!-- Default test -->
