<?xml version="1.0" encoding="UTF-8"?>
<!-- Generated by org.testng.reporters.JUnitXMLReporter -->
<testsuite ignored="0" hostname="ZCHD-CQR-LOVISH-KAMRA" failures="0" tests="3" name="Test" time="42.144" errors="0" timestamp="2022-06-01T16:47:23 IST">
  <testcase classname="WebAutomation.automation.Login_Test" name="loginTest" time="2.462"/>
  <testcase classname="WebAutomation.automation.ComponentsTest" name="AddComponentTest" time="14.081"/>
  <testcase classname="WebAutomation.automation.ComponentsTest" name="UpdateComponentTest" time="13.841"/>
</testsuite> <!-- Test -->
